Unity Editor version:    2021.3.7f1 (24e8595d6d43)
Branch:                  2021.3/staging
Build type:              Release
Batch mode:              YES
System name:             Linux
Distro version:          #138-Ubuntu SMP Wed Jun 22 15:00:31 UTC 2022
Kernel version:          5.4.0-122-generic
Architecture:            x86_64
Available memory:        7796 MB
Using pre-set license
Pro License: YES

(Unity:18979): Gdk-CRITICAL **: 10:12:44.201: gdk_window_get_cursor: assertion 'GDK_IS_WINDOW (window)' failed
Desktop is 3286 x 1376 @ 60 Hz
Initialize udev device monitor.

COMMAND LINE ARGUMENTS:
Unity
-adb2
-batchMode
-noUpm
-name
AssetImportWorker0
-projectPath
/home/tinka/Zenva/Under Development/Extending Proc Gen E21
-logFile
Logs/AssetImportWorker0.log
-srvPort
46145
Successfully changed project path to: /home/tinka/Zenva/Under Development/Extending Proc Gen E21
/home/tinka/Zenva/Under Development/Extending Proc Gen E21
[UnityMemory] Configuration Parameters - Can be set up in boot.config
    "memorysetup-bucket-allocator-granularity=16"
    "memorysetup-bucket-allocator-bucket-count=8"
    "memorysetup-bucket-allocator-block-size=33554432"
    "memorysetup-bucket-allocator-block-count=8"
    "memorysetup-main-allocator-block-size=16777216"
    "memorysetup-thread-allocator-block-size=16777216"
    "memorysetup-gfx-main-allocator-block-size=16777216"
    "memorysetup-gfx-thread-allocator-block-size=16777216"
    "memorysetup-cache-allocator-block-size=4194304"
    "memorysetup-typetree-allocator-block-size=2097152"
    "memorysetup-profiler-bucket-allocator-granularity=16"
    "memorysetup-profiler-bucket-allocator-bucket-count=8"
    "memorysetup-profiler-bucket-allocator-block-size=33554432"
    "memorysetup-profiler-bucket-allocator-block-count=8"
    "memorysetup-profiler-allocator-block-size=16777216"
    "memorysetup-profiler-editor-allocator-block-size=1048576"
    "memorysetup-temp-allocator-size-main=16777216"
    "memorysetup-job-temp-allocator-block-size=2097152"
    "memorysetup-job-temp-allocator-block-size-background=1048576"
    "memorysetup-job-temp-allocator-reduction-small-platforms=262144"
    "memorysetup-temp-allocator-size-background-worker=32768"
    "memorysetup-temp-allocator-size-job-worker=262144"
    "memorysetup-temp-allocator-size-preload-manager=33554432"
    "memorysetup-temp-allocator-size-nav-mesh-worker=65536"
    "memorysetup-temp-allocator-size-audio-worker=65536"
    "memorysetup-temp-allocator-size-cloud-worker=32768"
    "memorysetup-temp-allocator-size-gi-baking-worker=262144"
    "memorysetup-temp-allocator-size-gfx=262144"
Refreshing native plugins compatible for Editor in 126.82 ms, found 0 plugins.
Preloading 0 native plugins for Editor in 0.00 ms.
Initialize engine version: 2021.3.7f1 (24e8595d6d43)
[Subsystems] Discovering subsystems at path /home/tinka/Unity/Hub/Editor/2021.3.7f1/Editor/Data/Resources/UnitySubsystems
[Subsystems] Discovering subsystems at path /home/tinka/Zenva/Under Development/Extending Proc Gen E21/Assets
GLX Extensions: GLX_ARB_create_context GLX_ARB_create_context_no_error GLX_ARB_create_context_profile GLX_ARB_create_context_robustness GLX_ARB_fbconfig_float GLX_ARB_framebuffer_sRGB GLX_ARB_get_proc_address GLX_ARB_multisample GLX_EXT_buffer_age GLX_EXT_create_context_es2_profile GLX_EXT_create_context_es_profile GLX_EXT_fbconfig_packed_float GLX_EXT_framebuffer_sRGB GLX_EXT_import_context GLX_EXT_no_config_context GLX_EXT_swap_control GLX_EXT_swap_control_tear GLX_EXT_texture_from_pixmap GLX_EXT_visual_info GLX_EXT_visual_rating GLX_INTEL_swap_event GLX_MESA_copy_sub_buffer GLX_MESA_query_renderer GLX_MESA_swap_control GLX_OML_swap_method GLX_OML_sync_control GLX_SGIS_multisample GLX_SGIX_fbconfig GLX_SGIX_pbuffer GLX_SGIX_visual_select_group GLX_SGI_make_current_read GLX_SGI_swap_control GLX_SGI_video_sync 
Renderer: Mesa Intel(R) HD Graphics 520 (SKL GT2)
Vendor:   Intel
Version:  4.6 (Core Profile) Mesa 21.2.6
GLES:     0
 GL_3DFX_texture_compression_FXT1 GL_AMD_conservative_depth GL_AMD_depth_clamp_separate GL_AMD_draw_buffers_blend GL_AMD_gpu_shader_int64 GL_AMD_multi_draw_indirect GL_AMD_performance_monitor GL_AMD_pinned_memory GL_AMD_query_buffer_object GL_AMD_seamless_cubemap_per_texture GL_AMD_shader_stencil_export GL_AMD_shader_trinary_minmax GL_AMD_texture_texture4 GL_AMD_vertex_shader_layer GL_AMD_vertex_shader_viewport_index GL_ANGLE_texture_compression_dxt3 GL_ANGLE_texture_compression_dxt5 GL_ARB_ES2_compatibility GL_ARB_ES3_1_compatibility GL_ARB_ES3_2_compatibility GL_ARB_ES3_compatibility GL_ARB_arrays_of_arrays GL_ARB_base_instance GL_ARB_blend_func_extended GL_ARB_buffer_storage GL_ARB_clear_buffer_object GL_ARB_clear_texture GL_ARB_clip_control GL_ARB_compressed_texture_pixel_storage GL_ARB_compute_shader GL_ARB_compute_variable_group_size GL_ARB_conditional_render_inverted GL_ARB_conservative_depth GL_ARB_copy_buffer GL_ARB_copy_image GL_ARB_cull_distance GL_ARB_debug_output GL_ARB_depth_buffer_float GL_ARB
_depth_clamp GL_ARB_derivative_control GL_ARB_direct_state_access GL_ARB_draw_buffers GL_ARB_draw_buffers_blend GL_ARB_draw_elements_base_vertex GL_ARB_draw_indirect GL_ARB_draw_instanced GL_ARB_enhanced_layouts GL_ARB_explicit_attrib_location GL_ARB_explicit_uniform_location GL_ARB_fragment_coord_conventions GL_ARB_fragment_layer_viewport GL_ARB_fragment_shader GL_ARB_fragment_shader_interlock GL_ARB_framebuffer_no_attachments GL_ARB_framebuffer_object GL_ARB_framebuffer_sRGB GL_ARB_get_program_binary GL_ARB_get_texture_sub_image GL_ARB_gl_spirv GL_ARB_gpu_shader5 GL_ARB_gpu_shader_fp64 GL_ARB_gpu_shader_int64 GL_ARB_half_float_pixel GL_ARB_half_float_vertex GL_ARB_indirect_parameters GL_ARB_instanced_arrays GL_ARB_internalformat_query GL_ARB_internalformat_query2 GL_ARB_invalidate_subdata GL_ARB_map_buffer_alignment GL_ARB_map_buffer_range GL_ARB_multi_bind GL_ARB_multi_draw_indirect GL_ARB_occlusion_query2 GL_ARB_parallel_shader_compile GL_ARB_pipeline_statistics_query GL_ARB_pixel_buffer_object GL_ARB_po
int_sprite GL_ARB_polygon_offset_clamp GL_ARB_post_depth_coverage GL_ARB_program_interface_query GL_ARB_provoking_vertex GL_ARB_query_buffer_object GL_ARB_robust_buffer_access_behavior GL_ARB_robustness GL_ARB_sample_shading GL_ARB_sampler_objects GL_ARB_seamless_cube_map GL_ARB_seamless_cubemap_per_texture GL_ARB_separate_shader_objects GL_ARB_shader_atomic_counter_ops GL_ARB_shader_atomic_counters GL_ARB_shader_ballot GL_ARB_shader_bit_encoding GL_ARB_shader_clock GL_ARB_shader_draw_parameters GL_ARB_shader_group_vote GL_ARB_shader_image_load_store GL_ARB_shader_image_size GL_ARB_shader_objects GL_ARB_shader_precision GL_ARB_shader_stencil_export GL_ARB_shader_storage_buffer_object GL_ARB_shader_subroutine GL_ARB_shader_texture_image_samples GL_ARB_shader_texture_lod GL_ARB_shader_viewport_layer_array GL_ARB_shading_language_420pack GL_ARB_shading_language_include GL_ARB_shading_language_packing GL_ARB_spirv_extensions GL_ARB_stencil_texturing GL_ARB_sync GL_ARB_tessellation_shader GL_ARB_texture_barrier G
L_ARB_texture_buffer_object GL_ARB_texture_buffer_object_rgb32 GL_ARB_texture_buffer_range GL_ARB_texture_compression_bptc GL_ARB_texture_compression_rgtc GL_ARB_texture_cube_map_array GL_ARB_texture_filter_anisotropic GL_ARB_texture_float GL_ARB_texture_gather GL_ARB_texture_mirror_clamp_to_edge GL_ARB_texture_multisample GL_ARB_texture_non_power_of_two GL_ARB_texture_query_levels GL_ARB_texture_query_lod GL_ARB_texture_rectangle GL_ARB_texture_rg GL_ARB_texture_rgb10_a2ui GL_ARB_texture_stencil8 GL_ARB_texture_storage GL_ARB_texture_storage_multisample GL_ARB_texture_swizzle GL_ARB_texture_view GL_ARB_timer_query GL_ARB_transform_feedback2 GL_ARB_transform_feedback3 GL_ARB_transform_feedback_instanced GL_ARB_transform_feedback_overflow_query GL_ARB_uniform_buffer_object GL_ARB_vertex_array_bgra GL_ARB_vertex_array_object GL_ARB_vertex_attrib_64bit GL_ARB_vertex_attrib_binding GL_ARB_vertex_buffer_object GL_ARB_vertex_shader GL_ARB_vertex_type_10f_11f_11f_rev GL_ARB_vertex_type_2_10_10_10_rev GL_ARB_viewpor
t_array GL_ATI_blend_equation_separate GL_ATI_texture_float GL_EXT_EGL_image_storage GL_EXT_EGL_sync GL_EXT_abgr GL_EXT_blend_equation_separate GL_EXT_demote_to_helper_invocation GL_EXT_draw_buffers2 GL_EXT_draw_instanced GL_EXT_framebuffer_blit GL_EXT_framebuffer_multisample GL_EXT_framebuffer_multisample_blit_scaled GL_EXT_framebuffer_object GL_EXT_framebuffer_sRGB GL_EXT_memory_object GL_EXT_memory_object_fd GL_EXT_packed_depth_stencil GL_EXT_packed_float GL_EXT_pixel_buffer_object GL_EXT_polygon_offset_clamp GL_EXT_provoking_vertex GL_EXT_semaphore GL_EXT_semaphore_fd GL_EXT_shader_framebuffer_fetch GL_EXT_shader_framebuffer_fetch_non_coherent GL_EXT_shader_integer_mix GL_EXT_shader_samples_identical GL_EXT_texture_array GL_EXT_texture_compression_dxt1 GL_EXT_texture_compression_rgtc GL_EXT_texture_compression_s3tc GL_EXT_texture_filter_anisotropic GL_EXT_texture_integer GL_EXT_texture_sRGB GL_EXT_texture_sRGB_R8 GL_EXT_texture_sRGB_decode GL_EXT_texture_shadow_lod GL_EXT_texture_shared_exponent GL_EXT_t
exture_snorm GL_EXT_texture_swizzle GL_EXT_timer_query GL_EXT_transform_feedback GL_EXT_vertex_array_bgra GL_EXT_vertex_attrib_64bit GL_IBM_multimode_draw_arrays GL_INTEL_blackhole_render GL_INTEL_conservative_rasterization GL_INTEL_performance_query GL_INTEL_shader_atomic_float_minmax GL_INTEL_shader_integer_functions2 GL_KHR_blend_equation_advanced GL_KHR_blend_equation_advanced_coherent GL_KHR_context_flush_control GL_KHR_debug GL_KHR_no_error GL_KHR_parallel_shader_compile GL_KHR_robust_buffer_access_behavior GL_KHR_robustness GL_KHR_texture_compression_astc_ldr GL_KHR_texture_compression_astc_sliced_3d GL_MESA_framebuffer_flip_y GL_MESA_pack_invert GL_MESA_shader_integer_functions GL_MESA_texture_signed_rgba GL_NV_compute_shader_derivatives GL_NV_conditional_render GL_NV_copy_image GL_NV_depth_clamp GL_NV_fragment_shader_interlock GL_NV_packed_depth_stencil GL_NV_texture_barrier GL_OES_EGL_image GL_S3_s3tc
OPENGL LOG: Creating OpenGL 4.6 graphics device ; Context level  <OpenGL 4.5> ; Context handle 1424261120
Initialize mono
Mono path[0] = '/home/tinka/Unity/Hub/Editor/2021.3.7f1/Editor/Data/Managed'
Mono path[1] = '/home/tinka/Unity/Hub/Editor/2021.3.7f1/Editor/Data/MonoBleedingEdge/lib/mono/unityjit-linux'
Mono config path = '/home/tinka/Unity/Hub/Editor/2021.3.7f1/Editor/Data/MonoBleedingEdge/etc'
Using monoOptions --debugger-agent=transport=dt_socket,embedding=1,server=y,suspend=n,address=127.0.0.1:56979
Begin MonoManager ReloadAssembly
Registering precompiled unity dll's ...
Register platform support module: /home/tinka/Unity/Hub/Editor/2021.3.7f1/Editor/Data/PlaybackEngines/LinuxStandaloneSupport/UnityEditor.LinuxStandalone.Extensions.dll
Registered in 0.008375 seconds.
Native extension for LinuxStandalone target not found
Refreshing native plugins compatible for Editor in 166.09 ms, found 0 plugins.
Preloading 0 native plugins for Editor in 0.00 ms.
Mono: successfully reloaded assembly
- Completed reload, in  1.486 seconds
Domain Reload Profiling:
	ReloadAssembly (1488ms)
		BeginReloadAssembly (73ms)
			ExecutionOrderSort (0ms)
			DisableScriptedObjects (0ms)
			BackupInstance (0ms)
			ReleaseScriptingObjects (0ms)
			CreateAndSetChildDomain (1ms)
		EndReloadAssembly (1242ms)
			LoadAssemblies (72ms)
			RebuildTransferFunctionScriptingTraits (0ms)
			SetupTypeCache (294ms)
			ReleaseScriptCaches (0ms)
			RebuildScriptCaches (134ms)
			SetupLoadedEditorAssemblies (646ms)
				LogAssemblyErrors (0ms)
				InitializePlatformSupportModulesInManaged (30ms)
				SetLoadedEditorAssemblies (0ms)
				RefreshPlugins (166ms)
				BeforeProcessingInitializeOnLoad (2ms)
				ProcessInitializeOnLoadAttributes (340ms)
				ProcessInitializeOnLoadMethodAttributes (107ms)
				AfterProcessingInitializeOnLoad (0ms)
				EditorAssembliesLoaded (0ms)
			ExecutionOrderSort2 (0ms)
			AwakeInstancesAfterBackupRestoration (0ms)
Platform modules already initialized, skipping
Registering precompiled user dll's ...
Registered in 0.006451 seconds.
Begin MonoManager ReloadAssembly
Symbol file LoadedFromMemory doesn't match image /home/tinka/Zenva/Under Development/Extending Proc Gen E21/Library/PackageCache/com.unity.visualscripting@1.7.8/Editor/VisualScripting.Core/Dependencies/YamlDotNet/Unity.VisualScripting.YamlDotNet.dll
Symbol file LoadedFromMemory doesn't match image /home/tinka/Zenva/Under Development/Extending Proc Gen E21/Library/PackageCache/com.unity.visualscripting@1.7.8/Editor/VisualScripting.Core/Dependencies/DotNetZip/Unity.VisualScripting.IonicZip.dll
Native extension for LinuxStandalone target not found
Refreshing native plugins compatible for Editor in 0.65 ms, found 0 plugins.
Preloading 0 native plugins for Editor in 0.00 ms.
Mono: successfully reloaded assembly
- Completed reload, in  1.481 seconds
Domain Reload Profiling:
	ReloadAssembly (1483ms)
		BeginReloadAssembly (185ms)
			ExecutionOrderSort (0ms)
			DisableScriptedObjects (19ms)
			BackupInstance (0ms)
			ReleaseScriptingObjects (0ms)
			CreateAndSetChildDomain (37ms)
		EndReloadAssembly (1092ms)
			LoadAssemblies (79ms)
			RebuildTransferFunctionScriptingTraits (0ms)
			SetupTypeCache (327ms)
			ReleaseScriptCaches (1ms)
			RebuildScriptCaches (98ms)
			SetupLoadedEditorAssemblies (511ms)
				LogAssemblyErrors (0ms)
				InitializePlatformSupportModulesInManaged (10ms)
				SetLoadedEditorAssemblies (1ms)
				RefreshPlugins (3ms)
				BeforeProcessingInitializeOnLoad (105ms)
				ProcessInitializeOnLoadAttributes (344ms)
				ProcessInitializeOnLoadMethodAttributes (40ms)
				AfterProcessingInitializeOnLoad (8ms)
				EditorAssembliesLoaded (0ms)
			ExecutionOrderSort2 (0ms)
			AwakeInstancesAfterBackupRestoration (5ms)
Platform modules already initialized, skipping
========================================================================
Worker process is ready to serve import requests
Launched and connected shader compiler UnityShaderCompiler after 0.02 seconds
Refreshing native plugins compatible for Editor in 0.68 ms, found 0 plugins.
Preloading 0 native plugins for Editor in 0.00 ms.
Unloading 3275 Unused Serialized files (Serialized files now loaded: 0)
Unloading 24 unused Assets / (36.2 KB). Loaded Objects now: 3736.
Memory consumption went from 108.6 MB to 108.5 MB.
Total: 11.451601 ms (FindLiveObjects: 1.875639 ms CreateObjectMapping: 2.305162 ms MarkObjects: 7.040904 ms  DeleteObjects: 0.214904 ms)

AssetImportParameters requested are different than current active one (requested -> active):
  custom:video-decoder-ogg-theora: a1e56fd34408186e4bbccfd4996cb3dc -> 
  custom:container-muxer-webm: aa71ff27fc2769a1b78a27578f13a17b -> 
  custom:container-demuxer-webm: 4f35f7cbe854078d1ac9338744f61a02 -> 
  custom:video-encoder-webm-vp8: eb34c28f22e8b96e1ab97ce403110664 -> 
  custom:audio-encoder-webm-vorbis: bf7c407c2cedff20999df2af8eb42d56 -> 
  custom:container-demuxer-ogg: 62fdf1f143b41e24485cea50d1cbac27 -> 
  custom:video-decoder-webm-vp8: 9c59270c3fd7afecdb556c50c9e8de78 -> 
  custom:audio-decoder-ogg-vorbis: bf7c407c2cedff20999df2af8eb42d56 -> 
========================================================================
Received Import Request.
  Time since last request: 22181.642322 seconds.
  path: Assets/Materials/Map Mat.mat
  artifactKey: Guid(8361772db5b074f13a47ece154898939) Importer(815301076,1909f56bfc062723c751e8b465ee728b)
Start importing Assets/Materials/Map Mat.mat using Guid(8361772db5b074f13a47ece154898939) Importer(815301076,1909f56bfc062723c751e8b465ee728b)  -> (artifact id: '945b973b0598c123fe4cc5f335aaf6d9') in 0.169668 seconds 
========================================================================
Received Import Request.
  Time since last request: 0.000026 seconds.
  path: Assets/Materials
  artifactKey: Guid(f61c9fb70610d46e8bd80bc9290917e0) Importer(815301076,1909f56bfc062723c751e8b465ee728b)
Start importing Assets/Materials using Guid(f61c9fb70610d46e8bd80bc9290917e0) Importer(815301076,1909f56bfc062723c751e8b465ee728b)  -> (artifact id: 'fee230d1fdb89dade970443bf73d3ee3') in 0.000939 seconds 
========================================================================
Received Import Request.
  Time since last request: 0.000027 seconds.
  path: Assets/Materials/Mesh Mat.mat
  artifactKey: Guid(b0872f84cf3c7441d893168677410c73) Importer(815301076,1909f56bfc062723c751e8b465ee728b)
Start importing Assets/Materials/Mesh Mat.mat using Guid(b0872f84cf3c7441d893168677410c73) Importer(815301076,1909f56bfc062723c751e8b465ee728b)  -> (artifact id: 'd361f09269f1de2867922c2e57a17a4f') in 0.032727 seconds 
========================================================================
Received Import Request.
  Time since last request: 24.624625 seconds.
  path: Assets/Materials/Scales.mat
  artifactKey: Guid(23a9465a85a033027b11b53f2af38bc7) Importer(815301076,1909f56bfc062723c751e8b465ee728b)
Start importing Assets/Materials/Scales.mat using Guid(23a9465a85a033027b11b53f2af38bc7) Importer(815301076,1909f56bfc062723c751e8b465ee728b)  -> (artifact id: '9543e2533255f7e96ff85eb6083225a3') in 0.265732 seconds 
========================================================================
Received Prepare
Registering precompiled user dll's ...
Registered in 0.004589 seconds.
Begin MonoManager ReloadAssembly
Symbol file LoadedFromMemory doesn't match image /home/tinka/Zenva/Under Development/Extending Proc Gen E21/Library/PackageCache/com.unity.visualscripting@1.7.8/Editor/VisualScripting.Core/Dependencies/YamlDotNet/Unity.VisualScripting.YamlDotNet.dll
Symbol file LoadedFromMemory doesn't match image /home/tinka/Zenva/Under Development/Extending Proc Gen E21/Library/PackageCache/com.unity.visualscripting@1.7.8/Editor/VisualScripting.Core/Dependencies/DotNetZip/Unity.VisualScripting.IonicZip.dll
Native extension for LinuxStandalone target not found
Refreshing native plugins compatible for Editor in 0.83 ms, found 0 plugins.
Preloading 0 native plugins for Editor in 0.00 ms.
Mono: successfully reloaded assembly
- Completed reload, in  3.063 seconds
Domain Reload Profiling:
	ReloadAssembly (3064ms)
		BeginReloadAssembly (190ms)
			ExecutionOrderSort (0ms)
			DisableScriptedObjects (8ms)
			BackupInstance (0ms)
			ReleaseScriptingObjects (0ms)
			CreateAndSetChildDomain (84ms)
		EndReloadAssembly (2724ms)
			LoadAssemblies (81ms)
			RebuildTransferFunctionScriptingTraits (0ms)
			SetupTypeCache (574ms)
			ReleaseScriptCaches (3ms)
			RebuildScriptCaches (190ms)
			SetupLoadedEditorAssemblies (1598ms)
				LogAssemblyErrors (0ms)
				InitializePlatformSupportModulesInManaged (24ms)
				SetLoadedEditorAssemblies (1ms)
				RefreshPlugins (1ms)
				BeforeProcessingInitializeOnLoad (232ms)
				ProcessInitializeOnLoadAttributes (1192ms)
				ProcessInitializeOnLoadMethodAttributes (123ms)
				AfterProcessingInitializeOnLoad (25ms)
				EditorAssembliesLoaded (1ms)
			ExecutionOrderSort2 (0ms)
			AwakeInstancesAfterBackupRestoration (25ms)
Platform modules already initialized, skipping
Refreshing native plugins compatible for Editor in 8.13 ms, found 0 plugins.
Preloading 0 native plugins for Editor in 0.00 ms.
Unloading 3268 Unused Serialized files (Serialized files now loaded: 0)
Unloading 17 unused Assets / (22.0 KB). Loaded Objects now: 3779.
Memory consumption went from 110.6 MB to 110.6 MB.
Total: 13.716493 ms (FindLiveObjects: 0.590495 ms CreateObjectMapping: 0.329806 ms MarkObjects: 12.722166 ms  DeleteObjects: 0.069901 ms)

AssetImportParameters requested are different than current active one (requested -> active):
  custom:video-decoder-ogg-theora: a1e56fd34408186e4bbccfd4996cb3dc -> 
  custom:container-muxer-webm: aa71ff27fc2769a1b78a27578f13a17b -> 
  custom:container-demuxer-webm: 4f35f7cbe854078d1ac9338744f61a02 -> 
  custom:video-encoder-webm-vp8: eb34c28f22e8b96e1ab97ce403110664 -> 
  custom:audio-encoder-webm-vorbis: bf7c407c2cedff20999df2af8eb42d56 -> 
  custom:container-demuxer-ogg: 62fdf1f143b41e24485cea50d1cbac27 -> 
  custom:video-decoder-webm-vp8: 9c59270c3fd7afecdb556c50c9e8de78 -> 
  custom:audio-decoder-ogg-vorbis: bf7c407c2cedff20999df2af8eb42d56 -> 
========================================================================
Received Import Request.
  Time since last request: 644.638275 seconds.
  path: Assets/Materials/Scales.mat
  artifactKey: Guid(23a9465a85a033027b11b53f2af38bc7) Importer(815301076,1909f56bfc062723c751e8b465ee728b)
Start importing Assets/Materials/Scales.mat using Guid(23a9465a85a033027b11b53f2af38bc7) Importer(815301076,1909f56bfc062723c751e8b465ee728b)  -> (artifact id: 'a95af7036e606b4cfa07871505d38122') in 0.145476 seconds 
========================================================================
Received Import Request.
  Time since last request: 1382.272395 seconds.
  path: Assets/Terrain Assets/Default Texture.asset
  artifactKey: Guid(addd6b0c4581e4f73b0395a4943b9f57) Importer(815301076,1909f56bfc062723c751e8b465ee728b)
Start importing Assets/Terrain Assets/Default Texture.asset using Guid(addd6b0c4581e4f73b0395a4943b9f57) Importer(815301076,1909f56bfc062723c751e8b465ee728b)  -> (artifact id: 'b42592e10289ce864ff7a254f4b7c5f6') in 0.028075 seconds 
========================================================================
Received Import Request.
  Time since last request: 0.000036 seconds.
  path: Assets/Terrain Assets/New Mesh Settings.asset
  artifactKey: Guid(46ff57af49f874fe2bd2a350a99d063c) Importer(815301076,1909f56bfc062723c751e8b465ee728b)
Start importing Assets/Terrain Assets/New Mesh Settings.asset using Guid(46ff57af49f874fe2bd2a350a99d063c) Importer(815301076,1909f56bfc062723c751e8b465ee728b)  -> (artifact id: 'f89a2fa6491bb2677dd9ceaa57a94e52') in 0.001861 seconds 
========================================================================
Received Import Request.
  Time since last request: 0.000032 seconds.
  path: Assets/Terrain Assets/New Height Map Settings.asset
  artifactKey: Guid(740a13ca91e454c51aeb1f625a396eca) Importer(815301076,1909f56bfc062723c751e8b465ee728b)
Start importing Assets/Terrain Assets/New Height Map Settings.asset using Guid(740a13ca91e454c51aeb1f625a396eca) Importer(815301076,1909f56bfc062723c751e8b465ee728b)  -> (artifact id: '366934144a803522514aa73be12c9fce') in 0.006869 seconds 
========================================================================
Received Import Request.
  Time since last request: 88.784325 seconds.
  path: Assets/Terrain Assets/Default New Height Map Settings.asset
  artifactKey: Guid(740a13ca91e454c51aeb1f625a396eca) Importer(815301076,1909f56bfc062723c751e8b465ee728b)
Start importing Assets/Terrain Assets/Default New Height Map Settings.asset using Guid(740a13ca91e454c51aeb1f625a396eca) Importer(815301076,1909f56bfc062723c751e8b465ee728b)  -> (artifact id: 'c0c51ff3a4b30a05f233629fb86852d4') in 0.002917 seconds 
========================================================================
Received Import Request.
  Time since last request: 28.871652 seconds.
  path: Assets/Terrain Assets/Default Mesh Settings.asset
  artifactKey: Guid(46ff57af49f874fe2bd2a350a99d063c) Importer(815301076,1909f56bfc062723c751e8b465ee728b)
Start importing Assets/Terrain Assets/Default Mesh Settings.asset using Guid(46ff57af49f874fe2bd2a350a99d063c) Importer(815301076,1909f56bfc062723c751e8b465ee728b)  -> (artifact id: 'f8c2c5d95d5badce88e59f07b74b1ae2') in 0.003591 seconds 
========================================================================
Received Import Request.
  Time since last request: 13.597157 seconds.
  path: Assets/Terrain Assets/Default Height Map Settings.asset
  artifactKey: Guid(740a13ca91e454c51aeb1f625a396eca) Importer(815301076,1909f56bfc062723c751e8b465ee728b)
Start importing Assets/Terrain Assets/Default Height Map Settings.asset using Guid(740a13ca91e454c51aeb1f625a396eca) Importer(815301076,1909f56bfc062723c751e8b465ee728b)  -> (artifact id: '6264e56f06ff8b4668eb0ef3f9e35322') in 0.002064 seconds 
========================================================================
Received Import Request.
  Time since last request: 13.625317 seconds.
  path: Assets/Terrain Assets/Default Height Map Settings 1.asset
  artifactKey: Guid(d22d232613e38e92c8b41936f957cf4f) Importer(815301076,1909f56bfc062723c751e8b465ee728b)
Start importing Assets/Terrain Assets/Default Height Map Settings 1.asset using Guid(d22d232613e38e92c8b41936f957cf4f) Importer(815301076,1909f56bfc062723c751e8b465ee728b)  -> (artifact id: 'a7c1a77379165a37bea2528d65472fac') in 0.001471 seconds 
========================================================================
Received Import Request.
  Time since last request: 0.000044 seconds.
  path: Assets/Terrain Assets/Default Mesh Settings 1.asset
  artifactKey: Guid(b7c39f30692a8af049536d3d8f9f17d8) Importer(815301076,1909f56bfc062723c751e8b465ee728b)
Start importing Assets/Terrain Assets/Default Mesh Settings 1.asset using Guid(b7c39f30692a8af049536d3d8f9f17d8) Importer(815301076,1909f56bfc062723c751e8b465ee728b)  -> (artifact id: '69631d2f223073a974b5d21dceeb1a96') in 0.002965 seconds 
========================================================================
Received Import Request.
  Time since last request: 0.000033 seconds.
  path: Assets/Terrain Assets/Default Texture 1.asset
  artifactKey: Guid(38d73a720fd9b5bd58945f0f3c0835d5) Importer(815301076,1909f56bfc062723c751e8b465ee728b)
Start importing Assets/Terrain Assets/Default Texture 1.asset using Guid(38d73a720fd9b5bd58945f0f3c0835d5) Importer(815301076,1909f56bfc062723c751e8b465ee728b)  -> (artifact id: '31e629f304d998a2f6185448eae3b2e4') in 0.017529 seconds 
========================================================================
Received Import Request.
  Time since last request: 31.309071 seconds.
  path: Assets/Terrain Assets/Island Height Map Settings 1.asset
  artifactKey: Guid(d22d232613e38e92c8b41936f957cf4f) Importer(815301076,1909f56bfc062723c751e8b465ee728b)
Start importing Assets/Terrain Assets/Island Height Map Settings 1.asset using Guid(d22d232613e38e92c8b41936f957cf4f) Importer(815301076,1909f56bfc062723c751e8b465ee728b)  -> (artifact id: '72cd7027de0bf31b7d440bfa95e22e9e') in 0.002193 seconds 
========================================================================
Received Import Request.
  Time since last request: 18.935473 seconds.
  path: Assets/Terrain Assets/Island Mesh Settings.asset
  artifactKey: Guid(b7c39f30692a8af049536d3d8f9f17d8) Importer(815301076,1909f56bfc062723c751e8b465ee728b)
Start importing Assets/Terrain Assets/Island Mesh Settings.asset using Guid(b7c39f30692a8af049536d3d8f9f17d8) Importer(815301076,1909f56bfc062723c751e8b465ee728b)  -> (artifact id: '17cfbd6c72b006539cbeb9e37ddefdd2') in 0.001647 seconds 
========================================================================
Received Import Request.
  Time since last request: 15.438212 seconds.
  path: Assets/Terrain Assets/Island Texture.asset
  artifactKey: Guid(38d73a720fd9b5bd58945f0f3c0835d5) Importer(815301076,1909f56bfc062723c751e8b465ee728b)
Start importing Assets/Terrain Assets/Island Texture.asset using Guid(38d73a720fd9b5bd58945f0f3c0835d5) Importer(815301076,1909f56bfc062723c751e8b465ee728b)  -> (artifact id: 'f81cdcfe37e5e8fb2c3650ae25eab749') in 0.008010 seconds 
========================================================================
Received Import Request.
  Time since last request: 12.222163 seconds.
  path: Assets/Terrain Assets/Island Height Map Settings.asset
  artifactKey: Guid(d22d232613e38e92c8b41936f957cf4f) Importer(815301076,1909f56bfc062723c751e8b465ee728b)
Start importing Assets/Terrain Assets/Island Height Map Settings.asset using Guid(d22d232613e38e92c8b41936f957cf4f) Importer(815301076,1909f56bfc062723c751e8b465ee728b)  -> (artifact id: '8d4cd0b31b527a615455b084b2a615f6') in 0.001910 seconds 
========================================================================
Received Prepare
Registering precompiled user dll's ...
Registered in 0.004674 seconds.
Begin MonoManager ReloadAssembly
Symbol file LoadedFromMemory doesn't match image /home/tinka/Zenva/Under Development/Extending Proc Gen E21/Library/PackageCache/com.unity.visualscripting@1.7.8/Editor/VisualScripting.Core/Dependencies/YamlDotNet/Unity.VisualScripting.YamlDotNet.dll
Symbol file LoadedFromMemory doesn't match image /home/tinka/Zenva/Under Development/Extending Proc Gen E21/Library/PackageCache/com.unity.visualscripting@1.7.8/Editor/VisualScripting.Core/Dependencies/DotNetZip/Unity.VisualScripting.IonicZip.dll
Native extension for LinuxStandalone target not found
Refreshing native plugins compatible for Editor in 0.90 ms, found 0 plugins.
Preloading 0 native plugins for Editor in 0.00 ms.
Mono: successfully reloaded assembly
- Completed reload, in  2.001 seconds
Domain Reload Profiling:
	ReloadAssembly (2002ms)
		BeginReloadAssembly (144ms)
			ExecutionOrderSort (0ms)
			DisableScriptedObjects (7ms)
			BackupInstance (0ms)
			ReleaseScriptingObjects (0ms)
			CreateAndSetChildDomain (54ms)
		EndReloadAssembly (1703ms)
			LoadAssemblies (71ms)
			RebuildTransferFunctionScriptingTraits (0ms)
			SetupTypeCache (406ms)
			ReleaseScriptCaches (2ms)
			RebuildScriptCaches (86ms)
			SetupLoadedEditorAssemblies (970ms)
				LogAssemblyErrors (0ms)
				InitializePlatformSupportModulesInManaged (18ms)
				SetLoadedEditorAssemblies (1ms)
				RefreshPlugins (1ms)
				BeforeProcessingInitializeOnLoad (105ms)
				ProcessInitializeOnLoadAttributes (723ms)
				ProcessInitializeOnLoadMethodAttributes (98ms)
				AfterProcessingInitializeOnLoad (22ms)
				EditorAssembliesLoaded (1ms)
			ExecutionOrderSort2 (0ms)
			AwakeInstancesAfterBackupRestoration (16ms)
Platform modules already initialized, skipping
Refreshing native plugins compatible for Editor in 2.01 ms, found 0 plugins.
Preloading 0 native plugins for Editor in 0.00 ms.
Unloading 3268 Unused Serialized files (Serialized files now loaded: 0)
Unloading 17 unused Assets / (21.9 KB). Loaded Objects now: 3782.
Memory consumption went from 110.7 MB to 110.6 MB.
Total: 5.518117 ms (FindLiveObjects: 0.283301 ms CreateObjectMapping: 0.183818 ms MarkObjects: 5.009109 ms  DeleteObjects: 0.038548 ms)

AssetImportParameters requested are different than current active one (requested -> active):
  custom:video-decoder-ogg-theora: a1e56fd34408186e4bbccfd4996cb3dc -> 
  custom:container-muxer-webm: aa71ff27fc2769a1b78a27578f13a17b -> 
  custom:container-demuxer-webm: 4f35f7cbe854078d1ac9338744f61a02 -> 
  custom:video-encoder-webm-vp8: eb34c28f22e8b96e1ab97ce403110664 -> 
  custom:audio-encoder-webm-vorbis: bf7c407c2cedff20999df2af8eb42d56 -> 
  custom:container-demuxer-ogg: 62fdf1f143b41e24485cea50d1cbac27 -> 
  custom:video-decoder-webm-vp8: 9c59270c3fd7afecdb556c50c9e8de78 -> 
  custom:audio-decoder-ogg-vorbis: bf7c407c2cedff20999df2af8eb42d56 -> 
========================================================================
Received Import Request.
  Time since last request: 404.784858 seconds.
  path: Assets/Terrain Assets
  artifactKey: Guid(daeb5cd6cdf2548318158d5d689f6fe4) Importer(815301076,1909f56bfc062723c751e8b465ee728b)
Start importing Assets/Terrain Assets using Guid(daeb5cd6cdf2548318158d5d689f6fe4) Importer(815301076,1909f56bfc062723c751e8b465ee728b)  -> (artifact id: '70fd7c6a5ffebf3309af2f08fd7e59cd') in 0.006800 seconds 
========================================================================
Received Import Request.
  Time since last request: 67.952387 seconds.
  path: Assets/Terrain Assets/Island Texture.asset
  artifactKey: Guid(38d73a720fd9b5bd58945f0f3c0835d5) Importer(815301076,1909f56bfc062723c751e8b465ee728b)
Start importing Assets/Terrain Assets/Island Texture.asset using Guid(38d73a720fd9b5bd58945f0f3c0835d5) Importer(815301076,1909f56bfc062723c751e8b465ee728b)  -> (artifact id: '2c48eccf3b90a5bc878f5c6d6c224350') in 0.031554 seconds 
